<?xml version="1.0" encoding="UTF-8"?>
<testng-results ignored="0" total="2" passed="2" failed="0" skipped="0">
  <reporter-output>
    <line>
      <![CDATA[Hello]]>
    </line>
    <line>
      <![CDATA[Hii]]>
    </line>
  </reporter-output>
  <suite started-at="2023-01-09T15:48:43 IST" name="Suite" finished-at="2023-01-09T15:48:43 IST" duration-ms="83">
    <groups>
    </groups>
    <test started-at="2023-01-09T15:48:43 IST" name="Test" finished-at="2023-01-09T15:48:43 IST" duration-ms="83">
      <class name="demo.Test1">
        <test-method signature="m1()[pri:0, instance:demo.Test1@7ea9e1e2]" started-at="2023-01-09T15:48:43 IST" name="m1" finished-at="2023-01-09T15:48:43 IST" duration-ms="13" status="PASS">
          <reporter-output>
            <line>
              <![CDATA[Hello]]>
            </line>
          </reporter-output>
        </test-method> <!-- m1 -->
      </class> <!-- demo.Test1 -->
      <class name="demo.Test2">
        <test-method signature="m2()[pri:0, instance:demo.Test2@fba92d3]" started-at="2023-01-09T15:48:43 IST" name="m2" finished-at="2023-01-09T15:48:43 IST" duration-ms="2" status="PASS">
          <reporter-output>
            <line>
              <![CDATA[Hii]]>
            </line>
          </reporter-output>
        </test-method> <!-- m2 -->
      </class> <!-- demo.Test2 -->
    </test> <!-- Test -->
  </suite> <!-- Suite -->
</testng-results>
